# JRE version: Java(TM) SE Runtime Environment (8.0_74-b02) (build 1.8.0_74-b02)
# Java VM: Java HotSpot(TM) 64-Bit Server VM (25.74-b02 mixed mode windows-amd64 compressed oops)
Heap:
 PSYoungGen      total 153600K, used 43896K [0x00000000eb400000, 0x00000000f6600000, 0x0000000100000000)
  eden space 143360K, 24% used [0x00000000eb400000,0x00000000ed6d89e0,0x00000000f4000000)
  from space 10240K, 80% used [0x00000000f4a80000,0x00000000f5285980,0x00000000f5480000)
  to   space 10752K, 0% used [0x00000000f4000000,0x00000000f4000000,0x00000000f4a80000)
 ParOldGen       total 56320K, used 17253K [0x00000000c1c00000, 0x00000000c5300000, 0x00000000eb400000)
  object space 56320K, 30% used [0x00000000c1c00000,0x00000000c2cd95c0,0x00000000c5300000)
 Metaspace       used 40352K, capacity 42844K, committed 43008K, reserved 1087488K
  class space    used 5366K, capacity 5862K, committed 5888K, reserved 1048576K
GC Heap History (10 events):
Event: 3.149 GC heap before
{Heap before GC invocations=8 (full 1):
 PSYoungGen      total 72192K, used 3920K [0x00000000eb400000, 0x00000000f4100000, 0x0000000100000000)
  eden space 65024K, 0% used [0x00000000eb400000,0x00000000eb400000,0x00000000ef380000)
  from space 7168K, 54% used [0x00000000ef380000,0x00000000ef754208,0x00000000efa80000)
  to   space 7168K, 0% used [0x00000000f3a00000,0x00000000f3a00000,0x00000000f4100000)
 ParOldGen       total 44032K, used 10558K [0x00000000c1c00000, 0x00000000c4700000, 0x00000000eb400000)
  object space 44032K, 23% used [0x00000000c1c00000,0x00000000c264faf0,0x00000000c4700000)
 Metaspace       used 20245K, capacity 21134K, committed 21296K, reserved 1067008K
  class space    used 2615K, capacity 2845K, committed 2944K, reserved 1048576K
Event: 3.201 GC heap after
Heap after GC invocations=8 (full 1):
 PSYoungGen      total 72192K, used 0K [0x00000000eb400000, 0x00000000f4100000, 0x0000000100000000)
  eden space 65024K, 0% used [0x00000000eb400000,0x00000000eb400000,0x00000000ef380000)
  from space 7168K, 0% used [0x00000000ef380000,0x00000000ef380000,0x00000000efa80000)
  to   space 7168K, 0% used [0x00000000f3a00000,0x00000000f3a00000,0x00000000f4100000)
 ParOldGen       total 36864K, used 11164K [0x00000000c1c00000, 0x00000000c4000000, 0x00000000eb400000)
  object space 36864K, 30% used [0x00000000c1c00000,0x00000000c26e7210,0x00000000c4000000)
 Metaspace       used 20245K, capacity 21134K, committed 21296K, reserved 1067008K
  class space    used 2615K, capacity 2845K, committed 2944K, reserved 1048576K
}
Event: 3.949 GC heap before
{Heap before GC invocations=9 (full 1):
 PSYoungGen      total 72192K, used 65024K [0x00000000eb400000, 0x00000000f4100000, 0x0000000100000000)
  eden space 65024K, 100% used [0x00000000eb400000,0x00000000ef380000,0x00000000ef380000)
  from space 7168K, 0% used [0x00000000ef380000,0x00000000ef380000,0x00000000efa80000)
  to   space 7168K, 0% used [0x00000000f3a00000,0x00000000f3a00000,0x00000000f4100000)
 ParOldGen       total 36864K, used 11164K [0x00000000c1c00000, 0x00000000c4000000, 0x00000000eb400000)
  object space 36864K, 30% used [0x00000000c1c00000,0x00000000c26e7210,0x00000000c4000000)
 Metaspace       used 23945K, capacity 25060K, committed 25216K, reserved 1071104K
  class space    used 3173K, capacity 3416K, committed 3456K, reserved 1048576K
Event: 3.957 GC heap after
Heap after GC invocations=9 (full 1):
 PSYoungGen      total 112640K, used 6341K [0x00000000eb400000, 0x00000000f4080000, 0x0000000100000000)
  eden space 105984K, 0% used [0x00000000eb400000,0x00000000eb400000,0x00000000f1b80000)
  from space 6656K, 95% used [0x00000000f3a00000,0x00000000f40315d0,0x00000000f4080000)
  to   space 7680K, 0% used [0x00000000f3180000,0x00000000f3180000,0x00000000f3900000)
 ParOldGen       total 36864K, used 11172K [0x00000000c1c00000, 0x00000000c4000000, 0x00000000eb400000)
  object space 36864K, 30% used [0x00000000c1c00000,0x00000000c26e9210,0x00000000c4000000)
 Metaspace       used 23945K, capacity 25060K, committed 25216K, reserved 1071104K
  class space    used 3173K, capacity 3416K, committed 3456K, reserved 1048576K
}
Event: 5.438 GC heap before
{Heap before GC invocations=10 (full 1):
 PSYoungGen      total 112640K, used 112325K [0x00000000eb400000, 0x00000000f4080000, 0x0000000100000000)
  eden space 105984K, 100% used [0x00000000eb400000,0x00000000f1b80000,0x00000000f1b80000)
  from space 6656K, 95% used [0x00000000f3a00000,0x00000000f40315d0,0x00000000f4080000)
  to   space 7680K, 0% used [0x00000000f3180000,0x00000000f3180000,0x00000000f3900000)
 ParOldGen       total 36864K, used 11172K [0x00000000c1c00000, 0x00000000c4000000, 0x00000000eb400000)
  object space 36864K, 30% used [0x00000000c1c00000,0x00000000c26e9210,0x00000000c4000000)
 Metaspace       used 33532K, capacity 35378K, committed 35496K, reserved 1079296K
  class space    used 4439K, capacity 4807K, committed 4864K, reserved 1048576K
Event: 5.456 GC heap after
Heap after GC invocations=10 (full 1):
 PSYoungGen      total 136192K, used 7649K [0x00000000eb400000, 0x00000000f5480000, 0x0000000100000000)
  eden space 128512K, 0% used [0x00000000eb400000,0x00000000eb400000,0x00000000f3180000)
  from space 7680K, 99% used [0x00000000f3180000,0x00000000f38f8448,0x00000000f3900000)
  to   space 10240K, 0% used [0x00000000f4a80000,0x00000000f4a80000,0x00000000f5480000)
 ParOldGen       total 36864K, used 15625K [0x00000000c1c00000, 0x00000000c4000000, 0x00000000eb400000)
  object space 36864K, 42% used [0x00000000c1c00000,0x00000000c2b42728,0x00000000c4000000)
 Metaspace       used 33532K, capacity 35378K, committed 35496K, reserved 1079296K
  class space    used 4439K, capacity 4807K, committed 4864K, reserved 1048576K
}
Event: 5.456 GC heap before
{Heap before GC invocations=11 (full 2):
 PSYoungGen      total 136192K, used 7649K [0x00000000eb400000, 0x00000000f5480000, 0x0000000100000000)
  eden space 128512K, 0% used [0x00000000eb400000,0x00000000eb400000,0x00000000f3180000)
  from space 7680K, 99% used [0x00000000f3180000,0x00000000f38f8448,0x00000000f3900000)
  to   space 10240K, 0% used [0x00000000f4a80000,0x00000000f4a80000,0x00000000f5480000)
 ParOldGen       total 36864K, used 15625K [0x00000000c1c00000, 0x00000000c4000000, 0x00000000eb400000)
  object space 36864K, 42% used [0x00000000c1c00000,0x00000000c2b42728,0x00000000c4000000)
 Metaspace       used 33532K, capacity 35378K, committed 35496K, reserved 1079296K
  class space    used 4439K, capacity 4807K, committed 4864K, reserved 1048576K
Event: 5.554 GC heap after
Heap after GC invocations=11 (full 2):
 PSYoungGen      total 136192K, used 0K [0x00000000eb400000, 0x00000000f5480000, 0x0000000100000000)
  eden space 128512K, 0% used [0x00000000eb400000,0x00000000eb400000,0x00000000f3180000)
  from space 7680K, 0% used [0x00000000f3180000,0x00000000f3180000,0x00000000f3900000)
  to   space 10240K, 0% used [0x00000000f4a80000,0x00000000f4a80000,0x00000000f5480000)
 ParOldGen       total 56320K, used 17245K [0x00000000c1c00000, 0x00000000c5300000, 0x00000000eb400000)
  object space 56320K, 30% used [0x00000000c1c00000,0x00000000c2cd75c0,0x00000000c5300000)
 Metaspace       used 33532K, capacity 35378K, committed 35496K, reserved 1079296K
  class space    used 4439K, capacity 4807K, committed 4864K, reserved 1048576K
}
Event: 6.586 GC heap before
{Heap before GC invocations=12 (full 2):
 PSYoungGen      total 136192K, used 128512K [0x00000000eb400000, 0x00000000f5480000, 0x0000000100000000)
  eden space 128512K, 100% used [0x00000000eb400000,0x00000000f3180000,0x00000000f3180000)
  from space 7680K, 0% used [0x00000000f3180000,0x00000000f3180000,0x00000000f3900000)
  to   space 10240K, 0% used [0x00000000f4a80000,0x00000000f4a80000,0x00000000f5480000)
 ParOldGen       total 56320K, used 17245K [0x00000000c1c00000, 0x00000000c5300000, 0x00000000eb400000)
  object space 56320K, 30% used [0x00000000c1c00000,0x00000000c2cd75c0,0x00000000c5300000)
 Metaspace       used 38725K, capacity 41016K, committed 41216K, reserved 1085440K
  class space    used 5155K, capacity 5604K, committed 5632K, reserved 1048576K
Event: 6.598 GC heap after
Heap after GC invocations=12 (full 2):
 PSYoungGen      total 153600K, used 8214K [0x00000000eb400000, 0x00000000f6600000, 0x0000000100000000)
  eden space 143360K, 0% used [0x00000000eb400000,0x00000000eb400000,0x00000000f4000000)
  from space 10240K, 80% used [0x00000000f4a80000,0x00000000f5285980,0x00000000f5480000)
  to   space 10752K, 0% used [0x00000000f4000000,0x00000000f4000000,0x00000000f4a80000)
 ParOldGen       total 56320K, used 17253K [0x00000000c1c00000, 0x00000000c5300000, 0x00000000eb400000)
  object space 56320K, 30% used [0x00000000c1c00000,0x00000000c2cd95c0,0x00000000c5300000)
 Metaspace       used 38725K, capacity 41016K, committed 41216K, reserved 1085440K
  class space    used 5155K, capacity 5604K, committed 5632K, reserved 1048576K
}

