# JRE version: Java(TM) SE Runtime Environment (8.0_74-b02) (build 1.8.0_74-b02)
# Java VM: Java HotSpot(TM) 64-Bit Server VM (25.74-b02 mixed mode windows-amd64 compressed oops)
Heap:
 PSYoungGen      total 117760K, used 1931K [0x00000000eb400000, 0x00000000f4000000, 0x0000000100000000)
  eden space 110592K, 1% used [0x00000000eb400000,0x00000000eb5e2e10,0x00000000f2000000)
  from space 7168K, 0% used [0x00000000f3200000,0x00000000f3200000,0x00000000f3900000)
  to   space 6656K, 0% used [0x00000000f3980000,0x00000000f3980000,0x00000000f4000000)
 ParOldGen       total 33280K, used 8776K [0x00000000c1c00000, 0x00000000c3c80000, 0x00000000eb400000)
  object space 33280K, 26% used [0x00000000c1c00000,0x00000000c2492248,0x00000000c3c80000)
 Metaspace       used 24659K, capacity 25880K, committed 26112K, reserved 1071104K
  class space    used 3304K, capacity 3576K, committed 3584K, reserved 1048576K
GC Heap History (10 events):
Event: 3.422 GC heap before
{Heap before GC invocations=7 (full 0):
 PSYoungGen      total 71680K, used 18766K [0x00000000eb400000, 0x00000000f0200000, 0x0000000100000000)
  eden space 65024K, 19% used [0x00000000eb400000,0x00000000ec088080,0x00000000ef380000)
  from space 6656K, 89% used [0x00000000efa80000,0x00000000f004bb20,0x00000000f0100000)
  to   space 7168K, 0% used [0x00000000ef380000,0x00000000ef380000,0x00000000efa80000)
 ParOldGen       total 44032K, used 9126K [0x00000000c1c00000, 0x00000000c4700000, 0x00000000eb400000)
  object space 44032K, 20% used [0x00000000c1c00000,0x00000000c24e9a70,0x00000000c4700000)
 Metaspace       used 20334K, capacity 21170K, committed 21296K, reserved 1067008K
  class space    used 2647K, capacity 2879K, committed 2944K, reserved 1048576K
Event: 3.430 GC heap after
Heap after GC invocations=7 (full 0):
 PSYoungGen      total 72192K, used 3981K [0x00000000eb400000, 0x00000000f4000000, 0x0000000100000000)
  eden space 65024K, 0% used [0x00000000eb400000,0x00000000eb400000,0x00000000ef380000)
  from space 7168K, 55% used [0x00000000ef380000,0x00000000ef763540,0x00000000efa80000)
  to   space 6656K, 0% used [0x00000000f3980000,0x00000000f3980000,0x00000000f4000000)
 ParOldGen       total 44032K, used 10430K [0x00000000c1c00000, 0x00000000c4700000, 0x00000000eb400000)
  object space 44032K, 23% used [0x00000000c1c00000,0x00000000c262fbc0,0x00000000c4700000)
 Metaspace       used 20334K, capacity 21170K, committed 21296K, reserved 1067008K
  class space    used 2647K, capacity 2879K, committed 2944K, reserved 1048576K
}
Event: 3.430 GC heap before
{Heap before GC invocations=8 (full 1):
 PSYoungGen      total 72192K, used 3981K [0x00000000eb400000, 0x00000000f4000000, 0x0000000100000000)
  eden space 65024K, 0% used [0x00000000eb400000,0x00000000eb400000,0x00000000ef380000)
  from space 7168K, 55% used [0x00000000ef380000,0x00000000ef763540,0x00000000efa80000)
  to   space 6656K, 0% used [0x00000000f3980000,0x00000000f3980000,0x00000000f4000000)
 ParOldGen       total 44032K, used 10430K [0x00000000c1c00000, 0x00000000c4700000, 0x00000000eb400000)
  object space 44032K, 23% used [0x00000000c1c00000,0x00000000c262fbc0,0x00000000c4700000)
 Metaspace       used 20334K, capacity 21170K, committed 21296K, reserved 1067008K
  class space    used 2647K, capacity 2879K, committed 2944K, reserved 1048576K
Event: 3.476 GC heap after
Heap after GC invocations=8 (full 1):
 PSYoungGen      total 72192K, used 0K [0x00000000eb400000, 0x00000000f4000000, 0x0000000100000000)
  eden space 65024K, 0% used [0x00000000eb400000,0x00000000eb400000,0x00000000ef380000)
  from space 7168K, 0% used [0x00000000ef380000,0x00000000ef380000,0x00000000efa80000)
  to   space 6656K, 0% used [0x00000000f3980000,0x00000000f3980000,0x00000000f4000000)
 ParOldGen       total 33280K, used 8343K [0x00000000c1c00000, 0x00000000c3c80000, 0x00000000eb400000)
  object space 33280K, 25% used [0x00000000c1c00000,0x00000000c2425f70,0x00000000c3c80000)
 Metaspace       used 20331K, capacity 21166K, committed 21296K, reserved 1067008K
  class space    used 2646K, capacity 2877K, committed 2944K, reserved 1048576K
}
Event: 4.231 GC heap before
{Heap before GC invocations=9 (full 1):
 PSYoungGen      total 72192K, used 65024K [0x00000000eb400000, 0x00000000f4000000, 0x0000000100000000)
  eden space 65024K, 100% used [0x00000000eb400000,0x00000000ef380000,0x00000000ef380000)
  from space 7168K, 0% used [0x00000000ef380000,0x00000000ef380000,0x00000000efa80000)
  to   space 6656K, 0% used [0x00000000f3980000,0x00000000f3980000,0x00000000f4000000)
 ParOldGen       total 33280K, used 8343K [0x00000000c1c00000, 0x00000000c3c80000, 0x00000000eb400000)
  object space 33280K, 25% used [0x00000000c1c00000,0x00000000c2425f70,0x00000000c3c80000)
 Metaspace       used 23937K, capacity 25060K, committed 25216K, reserved 1071104K
  class space    used 3178K, capacity 3416K, committed 3456K, reserved 1048576K
Event: 4.246 GC heap after
Heap after GC invocations=9 (full 1):
 PSYoungGen      total 117248K, used 6167K [0x00000000eb400000, 0x00000000f4000000, 0x0000000100000000)
  eden space 110592K, 0% used [0x00000000eb400000,0x00000000eb400000,0x00000000f2000000)
  from space 6656K, 92% used [0x00000000f3980000,0x00000000f3f85c78,0x00000000f4000000)
  to   space 7168K, 0% used [0x00000000f3200000,0x00000000f3200000,0x00000000f3900000)
 ParOldGen       total 33280K, used 8351K [0x00000000c1c00000, 0x00000000c3c80000, 0x00000000eb400000)
  object space 33280K, 25% used [0x00000000c1c00000,0x00000000c2427f70,0x00000000c3c80000)
 Metaspace       used 23937K, capacity 25060K, committed 25216K, reserved 1071104K
  class space    used 3178K, capacity 3416K, committed 3456K, reserved 1048576K
}
Event: 4.552 GC heap before
{Heap before GC invocations=10 (full 1):
 PSYoungGen      total 117248K, used 17839K [0x00000000eb400000, 0x00000000f4000000, 0x0000000100000000)
  eden space 110592K, 10% used [0x00000000eb400000,0x00000000ebf66038,0x00000000f2000000)
  from space 6656K, 92% used [0x00000000f3980000,0x00000000f3f85c78,0x00000000f4000000)
  to   space 7168K, 0% used [0x00000000f3200000,0x00000000f3200000,0x00000000f3900000)
 ParOldGen       total 33280K, used 8351K [0x00000000c1c00000, 0x00000000c3c80000, 0x00000000eb400000)
  object space 33280K, 25% used [0x00000000c1c00000,0x00000000c2427f70,0x00000000c3c80000)
 Metaspace       used 24634K, capacity 25790K, committed 25856K, reserved 1071104K
  class space    used 3296K, capacity 3567K, committed 3584K, reserved 1048576K
Event: 4.558 GC heap after
Heap after GC invocations=10 (full 1):
 PSYoungGen      total 117760K, used 3210K [0x00000000eb400000, 0x00000000f4000000, 0x0000000100000000)
  eden space 110592K, 0% used [0x00000000eb400000,0x00000000eb400000,0x00000000f2000000)
  from space 7168K, 44% used [0x00000000f3200000,0x00000000f3522810,0x00000000f3900000)
  to   space 6656K, 0% used [0x00000000f3980000,0x00000000f3980000,0x00000000f4000000)
 ParOldGen       total 33280K, used 8359K [0x00000000c1c00000, 0x00000000c3c80000, 0x00000000eb400000)
  object space 33280K, 25% used [0x00000000c1c00000,0x00000000c2429f70,0x00000000c3c80000)
 Metaspace       used 24634K, capacity 25790K, committed 25856K, reserved 1071104K
  class space    used 3296K, capacity 3567K, committed 3584K, reserved 1048576K
}
Event: 4.558 GC heap before
{Heap before GC invocations=11 (full 2):
 PSYoungGen      total 117760K, used 3210K [0x00000000eb400000, 0x00000000f4000000, 0x0000000100000000)
  eden space 110592K, 0% used [0x00000000eb400000,0x00000000eb400000,0x00000000f2000000)
  from space 7168K, 44% used [0x00000000f3200000,0x00000000f3522810,0x00000000f3900000)
  to   space 6656K, 0% used [0x00000000f3980000,0x00000000f3980000,0x00000000f4000000)
 ParOldGen       total 33280K, used 8359K [0x00000000c1c00000, 0x00000000c3c80000, 0x00000000eb400000)
  object space 33280K, 25% used [0x00000000c1c00000,0x00000000c2429f70,0x00000000c3c80000)
 Metaspace       used 24634K, capacity 25790K, committed 25856K, reserved 1071104K
  class space    used 3296K, capacity 3567K, committed 3584K, reserved 1048576K
Event: 4.615 GC heap after
Heap after GC invocations=11 (full 2):
 PSYoungGen      total 117760K, used 0K [0x00000000eb400000, 0x00000000f4000000, 0x0000000100000000)
  eden space 110592K, 0% used [0x00000000eb400000,0x00000000eb400000,0x00000000f2000000)
  from space 7168K, 0% used [0x00000000f3200000,0x00000000f3200000,0x00000000f3900000)
  to   space 6656K, 0% used [0x00000000f3980000,0x00000000f3980000,0x00000000f4000000)
 ParOldGen       total 33280K, used 8776K [0x00000000c1c00000, 0x00000000c3c80000, 0x00000000eb400000)
  object space 33280K, 26% used [0x00000000c1c00000,0x00000000c2492248,0x00000000c3c80000)
 Metaspace       used 24634K, capacity 25790K, committed 25856K, reserved 1071104K
  class space    used 3296K, capacity 3567K, committed 3584K, reserved 1048576K
}

